<?xml version="1.0" encoding="UTF-8"?>
<!-- Generated by org.testng.reporters.JUnitReportReporter -->
<testsuite hostname="L-ALOKP-ILB" name="com.tfsinc.ilabs.tests.SearchApiTests" tests="8" failures="0" timestamp="15 Jun 2015 09:44:42 GMT" time="7.173" errors="0">
  <testcase name="testDPSearch" time="0.673" classname="com.tfsinc.ilabs.tests.SearchApiTests"/>
  <testcase name="testDPValueOverAllDailyWithWithoutTimeZone" time="0.459" classname="com.tfsinc.ilabs.tests.SearchApiTests"/>
  <testcase name="testDPValueOverAllWeekly" time="0.451" classname="com.tfsinc.ilabs.tests.SearchApiTests"/>
  <testcase name="testDPValueOverAllMonthly" time="0.452" classname="com.tfsinc.ilabs.tests.SearchApiTests"/>
  <testcase name="testDPValueByQueueHourlyWithWithoutTimeZone" time="0.916" classname="com.tfsinc.ilabs.tests.SearchApiTests"/>
  <testcase name="testDpgSearch" time="0.671" classname="com.tfsinc.ilabs.tests.SearchApiTests"/>
  <testcase name="testDPDimension" time="2.638" classname="com.tfsinc.ilabs.tests.SearchApiTests"/>
  <testcase name="testDPValueOverAllHourlyWithWithoutTimeZone" time="0.913" classname="com.tfsinc.ilabs.tests.SearchApiTests"/>
</testsuite> <!-- com.tfsinc.ilabs.tests.SearchApiTests -->
