<?xml version="1.0" encoding="UTF-8"?>
<!-- Generated by org.testng.reporters.JUnitReportReporter -->
<testsuite hostname="L-ALOKP-ILB" name="com.tfsinc.ilabs.tests.SaveDeleteApiTests" tests="5" failures="0" timestamp="15 Jun 2015 09:44:42 GMT" time="3.393" errors="0">
  <testcase name="testDpSave" time="0.690" classname="com.tfsinc.ilabs.tests.SaveDeleteApiTests"/>
  <testcase name="testDpgSave" time="0.690" classname="com.tfsinc.ilabs.tests.SaveDeleteApiTests"/>
  <testcase name="testDpgDelete" time="0.654" classname="com.tfsinc.ilabs.tests.SaveDeleteApiTests"/>
  <testcase name="testDpvSave" time="0.688" classname="com.tfsinc.ilabs.tests.SaveDeleteApiTests"/>
  <testcase name="testDpDelete" time="0.671" classname="com.tfsinc.ilabs.tests.SaveDeleteApiTests"/>
</testsuite> <!-- com.tfsinc.ilabs.tests.SaveDeleteApiTests -->
